Sun Mar 24 15:27:14 CST 2019 : Servidor de red Apache Derby: Se ha iniciado 10.10.2.0 - (1582446) y está listo para aceptar las conexiones en el puerto 1527
----------------------------------------------------------------
Sun Mar 24 15:27:15 CST 2019:
 Iniciando instancia a816c00e-0169-b199-b668-000054dc12b0 de Derby, versión The Apache Software Foundation - Apache Derby - 10.10.2.0 - (1582446): 
en el directorio de base de datos C:\Users\gerar\Documents\NetBeansProjects\Quejas&Sugerencias\QuejasSugerencias con el cargador de clases sun.misc.Launcher$AppClassLoader@1d44bcfa
Cargado desde file:/C:/Program%20Files/glassfish-4.1/javadb/lib/derby.jar
java.vendor=Oracle Corporation
java.runtime.version=1.8.0_201-b09
user.dir=C:\Program Files\glassfish-4.1\javadb
os.name=Windows 10
os.arch=amd64
os.version=10.0
derby.system.home=C:\Users\gerar\Documents\NetBeansProjects\Quejas&Sugerencias
Cargador de clases de base de datos iniciado - derby.database.classpath=''
----------------------------------------------------------------
Sun Mar 24 15:27:22 CST 2019:
Cerrando la instancia a816c00e-0169-b199-b668-000054dc12b0 en el directorio de base de datos C:\Users\gerar\Documents\NetBeansProjects\Quejas&Sugerencias\QuejasSugerencias con cargador de clases sun.misc.Launcher$AppClassLoader@1d44bcfa
Sun Mar 24 15:27:22 CST 2019 Thread[DRDAConnThread_2,5,main] (DATABASE = QuejasSugerencias), (DRDAID = {2}), Cierre de la base de datos 'QuejasSugerencias'.
----------------------------------------------------------------
Sun Mar 24 15:27:31 CST 2019:
 Iniciando instancia 560740aa-0169-b199-b668-000054dc12b0 de Derby, versión The Apache Software Foundation - Apache Derby - 10.10.2.0 - (1582446): 
en el directorio de base de datos C:\Users\gerar\Documents\NetBeansProjects\Quejas&Sugerencias\QuejasSugerencias con el cargador de clases sun.misc.Launcher$AppClassLoader@1d44bcfa
Cargado desde file:/C:/Program%20Files/glassfish-4.1/javadb/lib/derby.jar
java.vendor=Oracle Corporation
java.runtime.version=1.8.0_201-b09
user.dir=C:\Program Files\glassfish-4.1\javadb
os.name=Windows 10
os.arch=amd64
os.version=10.0
derby.system.home=C:\Users\gerar\Documents\NetBeansProjects\Quejas&Sugerencias
Cargador de clases de base de datos iniciado - derby.database.classpath=''
----------------------------------------------------------------
Sun Mar 24 22:19:26 CST 2019: cerrando motor de Derby
